<?xml version="1.0" encoding="UTF-8"?>
<!-- Generated by org.testng.reporters.JUnitReportReporter -->
<testsuite skipped="0" hostname="DESKTOP-P60CAPQ" name="com.test.RegisterTest" tests="1" failures="0" timestamp="2022-03-18T20:34:32 IST" time="5.517" errors="0">
  <testcase name="registerForm" time="5.517" classname="com.test.RegisterTest"/>
  <system-out/>
</testsuite> <!-- com.test.RegisterTest -->
